Determining if the pthread_create exist failed with the following output:
Change Dir: /tmp/tmp.CPr6O9Win5/cmake-build-debug/CMakeFiles/CMakeTmp

Run Build Command:"/usr/bin/gmake" "cmTC_8f572/fast"
/usr/bin/gmake -f CMakeFiles/cmTC_8f572.dir/build.make CMakeFiles/cmTC_8f572.dir/build
gmake[1]: Entering directory `/tmp/tmp.CPr6O9Win5/cmake-build-debug/CMakeFiles/CMakeTmp'
Building C object CMakeFiles/cmTC_8f572.dir/CheckSymbolExists.c.o
/usr/bin/cc     -o CMakeFiles/cmTC_8f572.dir/CheckSymbolExists.c.o   -c /tmp/tmp.CPr6O9Win5/cmake-build-debug/CMakeFiles/CMakeTmp/CheckSymbolExists.c
Linking C executable cmTC_8f572
/usr/local/bin/cmake -E cmake_link_script CMakeFiles/cmTC_8f572.dir/link.txt --verbose=1
/usr/bin/cc       CMakeFiles/cmTC_8f572.dir/CheckSymbolExists.c.o  -o cmTC_8f572 -rdynamic 
CMakeFiles/cmTC_8f572.dir/CheckSymbolExists.c.o: In function `main':
CheckSymbolExists.c:(.text+0x16): undefined reference to `pthread_create'
collect2: error: ld returned 1 exit status
gmake[1]: Leaving directory `/tmp/tmp.CPr6O9Win5/cmake-build-debug/CMakeFiles/CMakeTmp'
gmake[1]: *** [cmTC_8f572] Error 1
gmake: *** [cmTC_8f572/fast] Error 2

File /tmp/tmp.CPr6O9Win5/cmake-build-debug/CMakeFiles/CMakeTmp/CheckSymbolExists.c:
/* */
#include <pthread.h>

int main(int argc, char** argv)
{
  (void)argv;
#ifndef pthread_create
  return ((int*)(&pthread_create))[argc];
#else
  (void)argc;
  return 0;
#endif
}

Determining if the function pthread_create exists in the pthreads failed with the following output:
Change Dir: /tmp/tmp.CPr6O9Win5/cmake-build-debug/CMakeFiles/CMakeTmp

Run Build Command:"/usr/bin/gmake" "cmTC_50929/fast"
/usr/bin/gmake -f CMakeFiles/cmTC_50929.dir/build.make CMakeFiles/cmTC_50929.dir/build
gmake[1]: Entering directory `/tmp/tmp.CPr6O9Win5/cmake-build-debug/CMakeFiles/CMakeTmp'
Building C object CMakeFiles/cmTC_50929.dir/CheckFunctionExists.c.o
/usr/bin/cc    -DCHECK_FUNCTION_EXISTS=pthread_create   -o CMakeFiles/cmTC_50929.dir/CheckFunctionExists.c.o   -c /usr/local/share/cmake-3.4/Modules/CheckFunctionExists.c
Linking C executable cmTC_50929
/usr/local/bin/cmake -E cmake_link_script CMakeFiles/cmTC_50929.dir/link.txt --verbose=1
/usr/bin/cc   -DCHECK_FUNCTION_EXISTS=pthread_create    CMakeFiles/cmTC_50929.dir/CheckFunctionExists.c.o  -o cmTC_50929 -rdynamic -lpthreads 
/usr/bin/ld: cannot find -lpthreads
collect2: error: ld returned 1 exit status
gmake[1]: Leaving directory `/tmp/tmp.CPr6O9Win5/cmake-build-debug/CMakeFiles/CMakeTmp'
gmake[1]: *** [cmTC_50929] Error 1
gmake: *** [cmTC_50929/fast] Error 2


