The system is: Linux - 4.19.76-linuxkit - x86_64
Compiling the C compiler identification source file "CMakeCCompilerId.c" succeeded.
Compiler: /usr/bin/cc 
Build flags: 
Id flags: 

The output was:
0


Compilation of the C compiler identification source "CMakeCCompilerId.c" produced "a.out"

The C compiler identification is GNU, found in "/tmp/tmp.CPr6O9Win5/cmake-build-debug/CMakeFiles/3.4.3/CompilerIdC/a.out"

Compiling the CXX compiler identification source file "CMakeCXXCompilerId.cpp" succeeded.
Compiler: /usr/bin/c++ 
Build flags: 
Id flags: 

The output was:
0


Compilation of the CXX compiler identification source "CMakeCXXCompilerId.cpp" produced "a.out"

The CXX compiler identification is GNU, found in "/tmp/tmp.CPr6O9Win5/cmake-build-debug/CMakeFiles/3.4.3/CompilerIdCXX/a.out"

Determining if the C compiler works passed with the following output:
Change Dir: /tmp/tmp.CPr6O9Win5/cmake-build-debug/CMakeFiles/CMakeTmp

Run Build Command:"/usr/bin/gmake" "cmTC_910b7/fast"
/usr/bin/gmake -f CMakeFiles/cmTC_910b7.dir/build.make CMakeFiles/cmTC_910b7.dir/build
gmake[1]: Entering directory `/tmp/tmp.CPr6O9Win5/cmake-build-debug/CMakeFiles/CMakeTmp'
Building C object CMakeFiles/cmTC_910b7.dir/testCCompiler.c.o
/usr/bin/cc     -o CMakeFiles/cmTC_910b7.dir/testCCompiler.c.o   -c /tmp/tmp.CPr6O9Win5/cmake-build-debug/CMakeFiles/CMakeTmp/testCCompiler.c
Linking C executable cmTC_910b7
/usr/local/bin/cmake -E cmake_link_script CMakeFiles/cmTC_910b7.dir/link.txt --verbose=1
/usr/bin/cc       CMakeFiles/cmTC_910b7.dir/testCCompiler.c.o  -o cmTC_910b7 -rdynamic 
gmake[1]: Leaving directory `/tmp/tmp.CPr6O9Win5/cmake-build-debug/CMakeFiles/CMakeTmp'


Detecting C compiler ABI info compiled with the following output:
Change Dir: /tmp/tmp.CPr6O9Win5/cmake-build-debug/CMakeFiles/CMakeTmp

Run Build Command:"/usr/bin/gmake" "cmTC_7effe/fast"
/usr/bin/gmake -f CMakeFiles/cmTC_7effe.dir/build.make CMakeFiles/cmTC_7effe.dir/build
gmake[1]: Entering directory `/tmp/tmp.CPr6O9Win5/cmake-build-debug/CMakeFiles/CMakeTmp'
Building C object CMakeFiles/cmTC_7effe.dir/CMakeCCompilerABI.c.o
/usr/bin/cc     -o CMakeFiles/cmTC_7effe.dir/CMakeCCompilerABI.c.o   -c /usr/local/share/cmake-3.4/Modules/CMakeCCompilerABI.c
Linking C executable cmTC_7effe
/usr/local/bin/cmake -E cmake_link_script CMakeFiles/cmTC_7effe.dir/link.txt --verbose=1
/usr/bin/cc      -v CMakeFiles/cmTC_7effe.dir/CMakeCCompilerABI.c.o  -o cmTC_7effe -rdynamic  
Using built-in specs.
COLLECT_GCC=/usr/bin/cc
COLLECT_LTO_WRAPPER=/App/gcc/libexec/gcc/x86_64-pc-linux-gnu/7.4.0/lto-wrapper
Target: x86_64-pc-linux-gnu
Configured with: ./configure --prefix=/App/gcc --enable-bootstrap --enable-checking=release --enable-languages=c,c++ --disable-multilib
Thread model: posix
gcc version 7.4.0 (GCC) 
COMPILER_PATH=/App/gcc/libexec/gcc/x86_64-pc-linux-gnu/7.4.0/:/App/gcc/libexec/gcc/x86_64-pc-linux-gnu/7.4.0/:/App/gcc/libexec/gcc/x86_64-pc-linux-gnu/:/App/gcc/lib/gcc/x86_64-pc-linux-gnu/7.4.0/:/App/gcc/lib/gcc/x86_64-pc-linux-gnu/
LIBRARY_PATH=/App/gcc/lib/gcc/x86_64-pc-linux-gnu/7.4.0/:/App/gcc/lib/gcc/x86_64-pc-linux-gnu/7.4.0/../../../../lib64/:/lib/../lib64/:/usr/lib/../lib64/:/App/gcc/lib/gcc/x86_64-pc-linux-gnu/7.4.0/../../../:/lib/:/usr/lib/
COLLECT_GCC_OPTIONS='-v' '-o' 'cmTC_7effe' '-rdynamic' '-mtune=generic' '-march=x86-64'
 /App/gcc/libexec/gcc/x86_64-pc-linux-gnu/7.4.0/collect2 -plugin /App/gcc/libexec/gcc/x86_64-pc-linux-gnu/7.4.0/liblto_plugin.so -plugin-opt=/App/gcc/libexec/gcc/x86_64-pc-linux-gnu/7.4.0/lto-wrapper -plugin-opt=-fresolution=/tmp/ccO58WbQ.res -plugin-opt=-pass-through=-lgcc -plugin-opt=-pass-through=-lgcc_s -plugin-opt=-pass-through=-lc -plugin-opt=-pass-through=-lgcc -plugin-opt=-pass-through=-lgcc_s --eh-frame-hdr -m elf_x86_64 -export-dynamic -dynamic-linker /lib64/ld-linux-x86-64.so.2 -o cmTC_7effe /lib/../lib64/crt1.o /lib/../lib64/crti.o /App/gcc/lib/gcc/x86_64-pc-linux-gnu/7.4.0/crtbegin.o -L/App/gcc/lib/gcc/x86_64-pc-linux-gnu/7.4.0 -L/App/gcc/lib/gcc/x86_64-pc-linux-gnu/7.4.0/../../../../lib64 -L/lib/../lib64 -L/usr/lib/../lib64 -L/App/gcc/lib/gcc/x86_64-pc-linux-gnu/7.4.0/../../.. CMakeFiles/cmTC_7effe.dir/CMakeCCompilerABI.c.o -lgcc --as-needed -lgcc_s --no-as-needed -lc -lgcc --as-needed -lgcc_s --no-as-needed /App/gcc/lib/gcc/x86_64-pc-linux-gnu/7.4.0/crtend.o /lib/../lib64/crtn.o
COLLECT_GCC_OPTIONS='-v' '-o' 'cmTC_7effe' '-rdynamic' '-mtune=generic' '-march=x86-64'
gmake[1]: Leaving directory `/tmp/tmp.CPr6O9Win5/cmake-build-debug/CMakeFiles/CMakeTmp'


Parsed C implicit link information from above output:
  link line regex: [^( *|.*[/\])(ld|([^/\]+-)?ld|collect2)[^/\]*( |$)]
  ignore line: [Change Dir: /tmp/tmp.CPr6O9Win5/cmake-build-debug/CMakeFiles/CMakeTmp]
  ignore line: []
  ignore line: [Run Build Command:"/usr/bin/gmake" "cmTC_7effe/fast"]
  ignore line: [/usr/bin/gmake -f CMakeFiles/cmTC_7effe.dir/build.make CMakeFiles/cmTC_7effe.dir/build]
  ignore line: [gmake[1]: Entering directory `/tmp/tmp.CPr6O9Win5/cmake-build-debug/CMakeFiles/CMakeTmp']
  ignore line: [Building C object CMakeFiles/cmTC_7effe.dir/CMakeCCompilerABI.c.o]
  ignore line: [/usr/bin/cc     -o CMakeFiles/cmTC_7effe.dir/CMakeCCompilerABI.c.o   -c /usr/local/share/cmake-3.4/Modules/CMakeCCompilerABI.c]
  ignore line: [Linking C executable cmTC_7effe]
  ignore line: [/usr/local/bin/cmake -E cmake_link_script CMakeFiles/cmTC_7effe.dir/link.txt --verbose=1]
  ignore line: [/usr/bin/cc      -v CMakeFiles/cmTC_7effe.dir/CMakeCCompilerABI.c.o  -o cmTC_7effe -rdynamic  ]
  ignore line: [Using built-in specs.]
  ignore line: [COLLECT_GCC=/usr/bin/cc]
  ignore line: [COLLECT_LTO_WRAPPER=/App/gcc/libexec/gcc/x86_64-pc-linux-gnu/7.4.0/lto-wrapper]
  ignore line: [Target: x86_64-pc-linux-gnu]
  ignore line: [Configured with: ./configure --prefix=/App/gcc --enable-bootstrap --enable-checking=release --enable-languages=c,c++ --disable-multilib]
  ignore line: [Thread model: posix]
  ignore line: [gcc version 7.4.0 (GCC) ]
  ignore line: [COMPILER_PATH=/App/gcc/libexec/gcc/x86_64-pc-linux-gnu/7.4.0/:/App/gcc/libexec/gcc/x86_64-pc-linux-gnu/7.4.0/:/App/gcc/libexec/gcc/x86_64-pc-linux-gnu/:/App/gcc/lib/gcc/x86_64-pc-linux-gnu/7.4.0/:/App/gcc/lib/gcc/x86_64-pc-linux-gnu/]
  ignore line: [LIBRARY_PATH=/App/gcc/lib/gcc/x86_64-pc-linux-gnu/7.4.0/:/App/gcc/lib/gcc/x86_64-pc-linux-gnu/7.4.0/../../../../lib64/:/lib/../lib64/:/usr/lib/../lib64/:/App/gcc/lib/gcc/x86_64-pc-linux-gnu/7.4.0/../../../:/lib/:/usr/lib/]
  ignore line: [COLLECT_GCC_OPTIONS='-v' '-o' 'cmTC_7effe' '-rdynamic' '-mtune=generic' '-march=x86-64']
  link line: [ /App/gcc/libexec/gcc/x86_64-pc-linux-gnu/7.4.0/collect2 -plugin /App/gcc/libexec/gcc/x86_64-pc-linux-gnu/7.4.0/liblto_plugin.so -plugin-opt=/App/gcc/libexec/gcc/x86_64-pc-linux-gnu/7.4.0/lto-wrapper -plugin-opt=-fresolution=/tmp/ccO58WbQ.res -plugin-opt=-pass-through=-lgcc -plugin-opt=-pass-through=-lgcc_s -plugin-opt=-pass-through=-lc -plugin-opt=-pass-through=-lgcc -plugin-opt=-pass-through=-lgcc_s --eh-frame-hdr -m elf_x86_64 -export-dynamic -dynamic-linker /lib64/ld-linux-x86-64.so.2 -o cmTC_7effe /lib/../lib64/crt1.o /lib/../lib64/crti.o /App/gcc/lib/gcc/x86_64-pc-linux-gnu/7.4.0/crtbegin.o -L/App/gcc/lib/gcc/x86_64-pc-linux-gnu/7.4.0 -L/App/gcc/lib/gcc/x86_64-pc-linux-gnu/7.4.0/../../../../lib64 -L/lib/../lib64 -L/usr/lib/../lib64 -L/App/gcc/lib/gcc/x86_64-pc-linux-gnu/7.4.0/../../.. CMakeFiles/cmTC_7effe.dir/CMakeCCompilerABI.c.o -lgcc --as-needed -lgcc_s --no-as-needed -lc -lgcc --as-needed -lgcc_s --no-as-needed /App/gcc/lib/gcc/x86_64-pc-linux-gnu/7.4.0/crtend.o /lib/../lib64/crtn.o]
    arg [/App/gcc/libexec/gcc/x86_64-pc-linux-gnu/7.4.0/collect2] ==> ignore
    arg [-plugin] ==> ignore
    arg [/App/gcc/libexec/gcc/x86_64-pc-linux-gnu/7.4.0/liblto_plugin.so] ==> ignore
    arg [-plugin-opt=/App/gcc/libexec/gcc/x86_64-pc-linux-gnu/7.4.0/lto-wrapper] ==> ignore
    arg [-plugin-opt=-fresolution=/tmp/ccO58WbQ.res] ==> ignore
    arg [-plugin-opt=-pass-through=-lgcc] ==> ignore
    arg [-plugin-opt=-pass-through=-lgcc_s] ==> ignore
    arg [-plugin-opt=-pass-through=-lc] ==> ignore
    arg [-plugin-opt=-pass-through=-lgcc] ==> ignore
    arg [-plugin-opt=-pass-through=-lgcc_s] ==> ignore
    arg [--eh-frame-hdr] ==> ignore
    arg [-m] ==> ignore
    arg [elf_x86_64] ==> ignore
    arg [-export-dynamic] ==> ignore
    arg [-dynamic-linker] ==> ignore
    arg [/lib64/ld-linux-x86-64.so.2] ==> ignore
    arg [-o] ==> ignore
    arg [cmTC_7effe] ==> ignore
    arg [/lib/../lib64/crt1.o] ==> ignore
    arg [/lib/../lib64/crti.o] ==> ignore
    arg [/App/gcc/lib/gcc/x86_64-pc-linux-gnu/7.4.0/crtbegin.o] ==> ignore
    arg [-L/App/gcc/lib/gcc/x86_64-pc-linux-gnu/7.4.0] ==> dir [/App/gcc/lib/gcc/x86_64-pc-linux-gnu/7.4.0]
    arg [-L/App/gcc/lib/gcc/x86_64-pc-linux-gnu/7.4.0/../../../../lib64] ==> dir [/App/gcc/lib/gcc/x86_64-pc-linux-gnu/7.4.0/../../../../lib64]
    arg [-L/lib/../lib64] ==> dir [/lib/../lib64]
    arg [-L/usr/lib/../lib64] ==> dir [/usr/lib/../lib64]
    arg [-L/App/gcc/lib/gcc/x86_64-pc-linux-gnu/7.4.0/../../..] ==> dir [/App/gcc/lib/gcc/x86_64-pc-linux-gnu/7.4.0/../../..]
    arg [CMakeFiles/cmTC_7effe.dir/CMakeCCompilerABI.c.o] ==> ignore
    arg [-lgcc] ==> lib [gcc]
    arg [--as-needed] ==> ignore
    arg [-lgcc_s] ==> lib [gcc_s]
    arg [--no-as-needed] ==> ignore
    arg [-lc] ==> lib [c]
    arg [-lgcc] ==> lib [gcc]
    arg [--as-needed] ==> ignore
    arg [-lgcc_s] ==> lib [gcc_s]
    arg [--no-as-needed] ==> ignore
    arg [/App/gcc/lib/gcc/x86_64-pc-linux-gnu/7.4.0/crtend.o] ==> ignore
    arg [/lib/../lib64/crtn.o] ==> ignore
  remove lib [gcc]
  remove lib [gcc_s]
  remove lib [gcc]
  remove lib [gcc_s]
  collapse library dir [/App/gcc/lib/gcc/x86_64-pc-linux-gnu/7.4.0] ==> [/App/gcc/lib/gcc/x86_64-pc-linux-gnu/7.4.0]
  collapse library dir [/App/gcc/lib/gcc/x86_64-pc-linux-gnu/7.4.0/../../../../lib64] ==> [/App/gcc/lib64]
  collapse library dir [/lib/../lib64] ==> [/lib64]
  collapse library dir [/usr/lib/../lib64] ==> [/usr/lib64]
  collapse library dir [/App/gcc/lib/gcc/x86_64-pc-linux-gnu/7.4.0/../../..] ==> [/App/gcc/lib]
  implicit libs: [c]
  implicit dirs: [/App/gcc/lib/gcc/x86_64-pc-linux-gnu/7.4.0;/App/gcc/lib64;/lib64;/usr/lib64;/App/gcc/lib]
  implicit fwks: []




Detecting C [-std=c11] compiler features compiled with the following output:
Change Dir: /tmp/tmp.CPr6O9Win5/cmake-build-debug/CMakeFiles/CMakeTmp

Run Build Command:"/usr/bin/gmake" "cmTC_9fd14/fast"
/usr/bin/gmake -f CMakeFiles/cmTC_9fd14.dir/build.make CMakeFiles/cmTC_9fd14.dir/build
gmake[1]: Entering directory `/tmp/tmp.CPr6O9Win5/cmake-build-debug/CMakeFiles/CMakeTmp'
Building C object CMakeFiles/cmTC_9fd14.dir/feature_tests.c.o
/usr/bin/cc    -std=c11 -o CMakeFiles/cmTC_9fd14.dir/feature_tests.c.o   -c /tmp/tmp.CPr6O9Win5/cmake-build-debug/CMakeFiles/feature_tests.c
Linking C executable cmTC_9fd14
/usr/local/bin/cmake -E cmake_link_script CMakeFiles/cmTC_9fd14.dir/link.txt --verbose=1
/usr/bin/cc       CMakeFiles/cmTC_9fd14.dir/feature_tests.c.o  -o cmTC_9fd14 -rdynamic 
gmake[1]: Leaving directory `/tmp/tmp.CPr6O9Win5/cmake-build-debug/CMakeFiles/CMakeTmp'


    Feature record: C_FEATURE:1c_function_prototypes
    Feature record: C_FEATURE:1c_restrict
    Feature record: C_FEATURE:1c_static_assert
    Feature record: C_FEATURE:1c_variadic_macros


Detecting C [-std=c99] compiler features compiled with the following output:
Change Dir: /tmp/tmp.CPr6O9Win5/cmake-build-debug/CMakeFiles/CMakeTmp

Run Build Command:"/usr/bin/gmake" "cmTC_55feb/fast"
/usr/bin/gmake -f CMakeFiles/cmTC_55feb.dir/build.make CMakeFiles/cmTC_55feb.dir/build
gmake[1]: Entering directory `/tmp/tmp.CPr6O9Win5/cmake-build-debug/CMakeFiles/CMakeTmp'
Building C object CMakeFiles/cmTC_55feb.dir/feature_tests.c.o
/usr/bin/cc    -std=c99 -o CMakeFiles/cmTC_55feb.dir/feature_tests.c.o   -c /tmp/tmp.CPr6O9Win5/cmake-build-debug/CMakeFiles/feature_tests.c
Linking C executable cmTC_55feb
/usr/local/bin/cmake -E cmake_link_script CMakeFiles/cmTC_55feb.dir/link.txt --verbose=1
/usr/bin/cc       CMakeFiles/cmTC_55feb.dir/feature_tests.c.o  -o cmTC_55feb -rdynamic 
gmake[1]: Leaving directory `/tmp/tmp.CPr6O9Win5/cmake-build-debug/CMakeFiles/CMakeTmp'


    Feature record: C_FEATURE:1c_function_prototypes
    Feature record: C_FEATURE:1c_restrict
    Feature record: C_FEATURE:0c_static_assert
    Feature record: C_FEATURE:1c_variadic_macros


Detecting C [-std=c90] compiler features compiled with the following output:
Change Dir: /tmp/tmp.CPr6O9Win5/cmake-build-debug/CMakeFiles/CMakeTmp

Run Build Command:"/usr/bin/gmake" "cmTC_ccddf/fast"
/usr/bin/gmake -f CMakeFiles/cmTC_ccddf.dir/build.make CMakeFiles/cmTC_ccddf.dir/build
gmake[1]: Entering directory `/tmp/tmp.CPr6O9Win5/cmake-build-debug/CMakeFiles/CMakeTmp'
Building C object CMakeFiles/cmTC_ccddf.dir/feature_tests.c.o
/usr/bin/cc    -std=c90 -o CMakeFiles/cmTC_ccddf.dir/feature_tests.c.o   -c /tmp/tmp.CPr6O9Win5/cmake-build-debug/CMakeFiles/feature_tests.c
Linking C executable cmTC_ccddf
/usr/local/bin/cmake -E cmake_link_script CMakeFiles/cmTC_ccddf.dir/link.txt --verbose=1
/usr/bin/cc       CMakeFiles/cmTC_ccddf.dir/feature_tests.c.o  -o cmTC_ccddf -rdynamic 
gmake[1]: Leaving directory `/tmp/tmp.CPr6O9Win5/cmake-build-debug/CMakeFiles/CMakeTmp'


    Feature record: C_FEATURE:1c_function_prototypes
    Feature record: C_FEATURE:0c_restrict
    Feature record: C_FEATURE:0c_static_assert
    Feature record: C_FEATURE:0c_variadic_macros
Determining if the CXX compiler works passed with the following output:
Change Dir: /tmp/tmp.CPr6O9Win5/cmake-build-debug/CMakeFiles/CMakeTmp

Run Build Command:"/usr/bin/gmake" "cmTC_2798d/fast"
/usr/bin/gmake -f CMakeFiles/cmTC_2798d.dir/build.make CMakeFiles/cmTC_2798d.dir/build
gmake[1]: Entering directory `/tmp/tmp.CPr6O9Win5/cmake-build-debug/CMakeFiles/CMakeTmp'
Building CXX object CMakeFiles/cmTC_2798d.dir/testCXXCompiler.cxx.o
/usr/bin/c++      -o CMakeFiles/cmTC_2798d.dir/testCXXCompiler.cxx.o -c /tmp/tmp.CPr6O9Win5/cmake-build-debug/CMakeFiles/CMakeTmp/testCXXCompiler.cxx
Linking CXX executable cmTC_2798d
/usr/local/bin/cmake -E cmake_link_script CMakeFiles/cmTC_2798d.dir/link.txt --verbose=1
/usr/bin/c++        CMakeFiles/cmTC_2798d.dir/testCXXCompiler.cxx.o  -o cmTC_2798d -rdynamic 
gmake[1]: Leaving directory `/tmp/tmp.CPr6O9Win5/cmake-build-debug/CMakeFiles/CMakeTmp'


Detecting CXX compiler ABI info compiled with the following output:
Change Dir: /tmp/tmp.CPr6O9Win5/cmake-build-debug/CMakeFiles/CMakeTmp

Run Build Command:"/usr/bin/gmake" "cmTC_8a07d/fast"
/usr/bin/gmake -f CMakeFiles/cmTC_8a07d.dir/build.make CMakeFiles/cmTC_8a07d.dir/build
gmake[1]: Entering directory `/tmp/tmp.CPr6O9Win5/cmake-build-debug/CMakeFiles/CMakeTmp'
Building CXX object CMakeFiles/cmTC_8a07d.dir/CMakeCXXCompilerABI.cpp.o
/usr/bin/c++      -o CMakeFiles/cmTC_8a07d.dir/CMakeCXXCompilerABI.cpp.o -c /usr/local/share/cmake-3.4/Modules/CMakeCXXCompilerABI.cpp
Linking CXX executable cmTC_8a07d
/usr/local/bin/cmake -E cmake_link_script CMakeFiles/cmTC_8a07d.dir/link.txt --verbose=1
/usr/bin/c++       -v CMakeFiles/cmTC_8a07d.dir/CMakeCXXCompilerABI.cpp.o  -o cmTC_8a07d -rdynamic  
Using built-in specs.
COLLECT_GCC=/usr/bin/c++
COLLECT_LTO_WRAPPER=/App/gcc/libexec/gcc/x86_64-pc-linux-gnu/7.4.0/lto-wrapper
Target: x86_64-pc-linux-gnu
Configured with: ./configure --prefix=/App/gcc --enable-bootstrap --enable-checking=release --enable-languages=c,c++ --disable-multilib
Thread model: posix
gcc version 7.4.0 (GCC) 
COMPILER_PATH=/App/gcc/libexec/gcc/x86_64-pc-linux-gnu/7.4.0/:/App/gcc/libexec/gcc/x86_64-pc-linux-gnu/7.4.0/:/App/gcc/libexec/gcc/x86_64-pc-linux-gnu/:/App/gcc/lib/gcc/x86_64-pc-linux-gnu/7.4.0/:/App/gcc/lib/gcc/x86_64-pc-linux-gnu/
LIBRARY_PATH=/App/gcc/lib/gcc/x86_64-pc-linux-gnu/7.4.0/:/App/gcc/lib/gcc/x86_64-pc-linux-gnu/7.4.0/../../../../lib64/:/lib/../lib64/:/usr/lib/../lib64/:/App/gcc/lib/gcc/x86_64-pc-linux-gnu/7.4.0/../../../:/lib/:/usr/lib/
COLLECT_GCC_OPTIONS='-v' '-o' 'cmTC_8a07d' '-rdynamic' '-shared-libgcc' '-mtune=generic' '-march=x86-64'
 /App/gcc/libexec/gcc/x86_64-pc-linux-gnu/7.4.0/collect2 -plugin /App/gcc/libexec/gcc/x86_64-pc-linux-gnu/7.4.0/liblto_plugin.so -plugin-opt=/App/gcc/libexec/gcc/x86_64-pc-linux-gnu/7.4.0/lto-wrapper -plugin-opt=-fresolution=/tmp/ccbHFvNu.res -plugin-opt=-pass-through=-lgcc_s -plugin-opt=-pass-through=-lgcc -plugin-opt=-pass-through=-lc -plugin-opt=-pass-through=-lgcc_s -plugin-opt=-pass-through=-lgcc --eh-frame-hdr -m elf_x86_64 -export-dynamic -dynamic-linker /lib64/ld-linux-x86-64.so.2 -o cmTC_8a07d /lib/../lib64/crt1.o /lib/../lib64/crti.o /App/gcc/lib/gcc/x86_64-pc-linux-gnu/7.4.0/crtbegin.o -L/App/gcc/lib/gcc/x86_64-pc-linux-gnu/7.4.0 -L/App/gcc/lib/gcc/x86_64-pc-linux-gnu/7.4.0/../../../../lib64 -L/lib/../lib64 -L/usr/lib/../lib64 -L/App/gcc/lib/gcc/x86_64-pc-linux-gnu/7.4.0/../../.. CMakeFiles/cmTC_8a07d.dir/CMakeCXXCompilerABI.cpp.o -lstdc++ -lm -lgcc_s -lgcc -lc -lgcc_s -lgcc /App/gcc/lib/gcc/x86_64-pc-linux-gnu/7.4.0/crtend.o /lib/../lib64/crtn.o
COLLECT_GCC_OPTIONS='-v' '-o' 'cmTC_8a07d' '-rdynamic' '-shared-libgcc' '-mtune=generic' '-march=x86-64'
gmake[1]: Leaving directory `/tmp/tmp.CPr6O9Win5/cmake-build-debug/CMakeFiles/CMakeTmp'


Parsed CXX implicit link information from above output:
  link line regex: [^( *|.*[/\])(ld|([^/\]+-)?ld|collect2)[^/\]*( |$)]
  ignore line: [Change Dir: /tmp/tmp.CPr6O9Win5/cmake-build-debug/CMakeFiles/CMakeTmp]
  ignore line: []
  ignore line: [Run Build Command:"/usr/bin/gmake" "cmTC_8a07d/fast"]
  ignore line: [/usr/bin/gmake -f CMakeFiles/cmTC_8a07d.dir/build.make CMakeFiles/cmTC_8a07d.dir/build]
  ignore line: [gmake[1]: Entering directory `/tmp/tmp.CPr6O9Win5/cmake-build-debug/CMakeFiles/CMakeTmp']
  ignore line: [Building CXX object CMakeFiles/cmTC_8a07d.dir/CMakeCXXCompilerABI.cpp.o]
  ignore line: [/usr/bin/c++      -o CMakeFiles/cmTC_8a07d.dir/CMakeCXXCompilerABI.cpp.o -c /usr/local/share/cmake-3.4/Modules/CMakeCXXCompilerABI.cpp]
  ignore line: [Linking CXX executable cmTC_8a07d]
  ignore line: [/usr/local/bin/cmake -E cmake_link_script CMakeFiles/cmTC_8a07d.dir/link.txt --verbose=1]
  ignore line: [/usr/bin/c++       -v CMakeFiles/cmTC_8a07d.dir/CMakeCXXCompilerABI.cpp.o  -o cmTC_8a07d -rdynamic  ]
  ignore line: [Using built-in specs.]
  ignore line: [COLLECT_GCC=/usr/bin/c++]
  ignore line: [COLLECT_LTO_WRAPPER=/App/gcc/libexec/gcc/x86_64-pc-linux-gnu/7.4.0/lto-wrapper]
  ignore line: [Target: x86_64-pc-linux-gnu]
  ignore line: [Configured with: ./configure --prefix=/App/gcc --enable-bootstrap --enable-checking=release --enable-languages=c,c++ --disable-multilib]
  ignore line: [Thread model: posix]
  ignore line: [gcc version 7.4.0 (GCC) ]
  ignore line: [COMPILER_PATH=/App/gcc/libexec/gcc/x86_64-pc-linux-gnu/7.4.0/:/App/gcc/libexec/gcc/x86_64-pc-linux-gnu/7.4.0/:/App/gcc/libexec/gcc/x86_64-pc-linux-gnu/:/App/gcc/lib/gcc/x86_64-pc-linux-gnu/7.4.0/:/App/gcc/lib/gcc/x86_64-pc-linux-gnu/]
  ignore line: [LIBRARY_PATH=/App/gcc/lib/gcc/x86_64-pc-linux-gnu/7.4.0/:/App/gcc/lib/gcc/x86_64-pc-linux-gnu/7.4.0/../../../../lib64/:/lib/../lib64/:/usr/lib/../lib64/:/App/gcc/lib/gcc/x86_64-pc-linux-gnu/7.4.0/../../../:/lib/:/usr/lib/]
  ignore line: [COLLECT_GCC_OPTIONS='-v' '-o' 'cmTC_8a07d' '-rdynamic' '-shared-libgcc' '-mtune=generic' '-march=x86-64']
  link line: [ /App/gcc/libexec/gcc/x86_64-pc-linux-gnu/7.4.0/collect2 -plugin /App/gcc/libexec/gcc/x86_64-pc-linux-gnu/7.4.0/liblto_plugin.so -plugin-opt=/App/gcc/libexec/gcc/x86_64-pc-linux-gnu/7.4.0/lto-wrapper -plugin-opt=-fresolution=/tmp/ccbHFvNu.res -plugin-opt=-pass-through=-lgcc_s -plugin-opt=-pass-through=-lgcc -plugin-opt=-pass-through=-lc -plugin-opt=-pass-through=-lgcc_s -plugin-opt=-pass-through=-lgcc --eh-frame-hdr -m elf_x86_64 -export-dynamic -dynamic-linker /lib64/ld-linux-x86-64.so.2 -o cmTC_8a07d /lib/../lib64/crt1.o /lib/../lib64/crti.o /App/gcc/lib/gcc/x86_64-pc-linux-gnu/7.4.0/crtbegin.o -L/App/gcc/lib/gcc/x86_64-pc-linux-gnu/7.4.0 -L/App/gcc/lib/gcc/x86_64-pc-linux-gnu/7.4.0/../../../../lib64 -L/lib/../lib64 -L/usr/lib/../lib64 -L/App/gcc/lib/gcc/x86_64-pc-linux-gnu/7.4.0/../../.. CMakeFiles/cmTC_8a07d.dir/CMakeCXXCompilerABI.cpp.o -lstdc++ -lm -lgcc_s -lgcc -lc -lgcc_s -lgcc /App/gcc/lib/gcc/x86_64-pc-linux-gnu/7.4.0/crtend.o /lib/../lib64/crtn.o]
    arg [/App/gcc/libexec/gcc/x86_64-pc-linux-gnu/7.4.0/collect2] ==> ignore
    arg [-plugin] ==> ignore
    arg [/App/gcc/libexec/gcc/x86_64-pc-linux-gnu/7.4.0/liblto_plugin.so] ==> ignore
    arg [-plugin-opt=/App/gcc/libexec/gcc/x86_64-pc-linux-gnu/7.4.0/lto-wrapper] ==> ignore
    arg [-plugin-opt=-fresolution=/tmp/ccbHFvNu.res] ==> ignore
    arg [-plugin-opt=-pass-through=-lgcc_s] ==> ignore
    arg [-plugin-opt=-pass-through=-lgcc] ==> ignore
    arg [-plugin-opt=-pass-through=-lc] ==> ignore
    arg [-plugin-opt=-pass-through=-lgcc_s] ==> ignore
    arg [-plugin-opt=-pass-through=-lgcc] ==> ignore
    arg [--eh-frame-hdr] ==> ignore
    arg [-m] ==> ignore
    arg [elf_x86_64] ==> ignore
    arg [-export-dynamic] ==> ignore
    arg [-dynamic-linker] ==> ignore
    arg [/lib64/ld-linux-x86-64.so.2] ==> ignore
    arg [-o] ==> ignore
    arg [cmTC_8a07d] ==> ignore
    arg [/lib/../lib64/crt1.o] ==> ignore
    arg [/lib/../lib64/crti.o] ==> ignore
    arg [/App/gcc/lib/gcc/x86_64-pc-linux-gnu/7.4.0/crtbegin.o] ==> ignore
    arg [-L/App/gcc/lib/gcc/x86_64-pc-linux-gnu/7.4.0] ==> dir [/App/gcc/lib/gcc/x86_64-pc-linux-gnu/7.4.0]
    arg [-L/App/gcc/lib/gcc/x86_64-pc-linux-gnu/7.4.0/../../../../lib64] ==> dir [/App/gcc/lib/gcc/x86_64-pc-linux-gnu/7.4.0/../../../../lib64]
    arg [-L/lib/../lib64] ==> dir [/lib/../lib64]
    arg [-L/usr/lib/../lib64] ==> dir [/usr/lib/../lib64]
    arg [-L/App/gcc/lib/gcc/x86_64-pc-linux-gnu/7.4.0/../../..] ==> dir [/App/gcc/lib/gcc/x86_64-pc-linux-gnu/7.4.0/../../..]
    arg [CMakeFiles/cmTC_8a07d.dir/CMakeCXXCompilerABI.cpp.o] ==> ignore
    arg [-lstdc++] ==> lib [stdc++]
    arg [-lm] ==> lib [m]
    arg [-lgcc_s] ==> lib [gcc_s]
    arg [-lgcc] ==> lib [gcc]
    arg [-lc] ==> lib [c]
    arg [-lgcc_s] ==> lib [gcc_s]
    arg [-lgcc] ==> lib [gcc]
    arg [/App/gcc/lib/gcc/x86_64-pc-linux-gnu/7.4.0/crtend.o] ==> ignore
    arg [/lib/../lib64/crtn.o] ==> ignore
  remove lib [gcc_s]
  remove lib [gcc]
  remove lib [gcc_s]
  remove lib [gcc]
  collapse library dir [/App/gcc/lib/gcc/x86_64-pc-linux-gnu/7.4.0] ==> [/App/gcc/lib/gcc/x86_64-pc-linux-gnu/7.4.0]
  collapse library dir [/App/gcc/lib/gcc/x86_64-pc-linux-gnu/7.4.0/../../../../lib64] ==> [/App/gcc/lib64]
  collapse library dir [/lib/../lib64] ==> [/lib64]
  collapse library dir [/usr/lib/../lib64] ==> [/usr/lib64]
  collapse library dir [/App/gcc/lib/gcc/x86_64-pc-linux-gnu/7.4.0/../../..] ==> [/App/gcc/lib]
  implicit libs: [stdc++;m;c]
  implicit dirs: [/App/gcc/lib/gcc/x86_64-pc-linux-gnu/7.4.0;/App/gcc/lib64;/lib64;/usr/lib64;/App/gcc/lib]
  implicit fwks: []




Detecting CXX [-std=c++14] compiler features compiled with the following output:
Change Dir: /tmp/tmp.CPr6O9Win5/cmake-build-debug/CMakeFiles/CMakeTmp

Run Build Command:"/usr/bin/gmake" "cmTC_fecab/fast"
/usr/bin/gmake -f CMakeFiles/cmTC_fecab.dir/build.make CMakeFiles/cmTC_fecab.dir/build
gmake[1]: Entering directory `/tmp/tmp.CPr6O9Win5/cmake-build-debug/CMakeFiles/CMakeTmp'
Building CXX object CMakeFiles/cmTC_fecab.dir/feature_tests.cxx.o
/usr/bin/c++     -std=c++14 -o CMakeFiles/cmTC_fecab.dir/feature_tests.cxx.o -c /tmp/tmp.CPr6O9Win5/cmake-build-debug/CMakeFiles/feature_tests.cxx
Linking CXX executable cmTC_fecab
/usr/local/bin/cmake -E cmake_link_script CMakeFiles/cmTC_fecab.dir/link.txt --verbose=1
/usr/bin/c++        CMakeFiles/cmTC_fecab.dir/feature_tests.cxx.o  -o cmTC_fecab -rdynamic 
gmake[1]: Leaving directory `/tmp/tmp.CPr6O9Win5/cmake-build-debug/CMakeFiles/CMakeTmp'


    Feature record: CXX_FEATURE:1cxx_aggregate_default_initializers
    Feature record: CXX_FEATURE:1cxx_alias_templates
    Feature record: CXX_FEATURE:1cxx_alignas
    Feature record: CXX_FEATURE:1cxx_alignof
    Feature record: CXX_FEATURE:1cxx_attributes
    Feature record: CXX_FEATURE:1cxx_attribute_deprecated
    Feature record: CXX_FEATURE:1cxx_auto_type
    Feature record: CXX_FEATURE:1cxx_binary_literals
    Feature record: CXX_FEATURE:1cxx_constexpr
    Feature record: CXX_FEATURE:1cxx_contextual_conversions
    Feature record: CXX_FEATURE:1cxx_decltype
    Feature record: CXX_FEATURE:1cxx_decltype_auto
    Feature record: CXX_FEATURE:1cxx_decltype_incomplete_return_types
    Feature record: CXX_FEATURE:1cxx_default_function_template_args
    Feature record: CXX_FEATURE:1cxx_defaulted_functions
    Feature record: CXX_FEATURE:1cxx_defaulted_move_initializers
    Feature record: CXX_FEATURE:1cxx_delegating_constructors
    Feature record: CXX_FEATURE:1cxx_deleted_functions
    Feature record: CXX_FEATURE:1cxx_digit_separators
    Feature record: CXX_FEATURE:1cxx_enum_forward_declarations
    Feature record: CXX_FEATURE:1cxx_explicit_conversions
    Feature record: CXX_FEATURE:1cxx_extended_friend_declarations
    Feature record: CXX_FEATURE:1cxx_extern_templates
    Feature record: CXX_FEATURE:1cxx_final
    Feature record: CXX_FEATURE:1cxx_func_identifier
    Feature record: CXX_FEATURE:1cxx_generalized_initializers
    Feature record: CXX_FEATURE:1cxx_generic_lambdas
    Feature record: CXX_FEATURE:1cxx_inheriting_constructors
    Feature record: CXX_FEATURE:1cxx_inline_namespaces
    Feature record: CXX_FEATURE:1cxx_lambdas
    Feature record: CXX_FEATURE:1cxx_lambda_init_captures
    Feature record: CXX_FEATURE:1cxx_local_type_template_args
    Feature record: CXX_FEATURE:1cxx_long_long_type
    Feature record: CXX_FEATURE:1cxx_noexcept
    Feature record: CXX_FEATURE:1cxx_nonstatic_member_init
    Feature record: CXX_FEATURE:1cxx_nullptr
    Feature record: CXX_FEATURE:1cxx_override
    Feature record: CXX_FEATURE:1cxx_range_for
    Feature record: CXX_FEATURE:1cxx_raw_string_literals
    Feature record: CXX_FEATURE:1cxx_reference_qualified_functions
    Feature record: CXX_FEATURE:1cxx_relaxed_constexpr
    Feature record: CXX_FEATURE:1cxx_return_type_deduction
    Feature record: CXX_FEATURE:1cxx_right_angle_brackets
    Feature record: CXX_FEATURE:1cxx_rvalue_references
    Feature record: CXX_FEATURE:1cxx_sizeof_member
    Feature record: CXX_FEATURE:1cxx_static_assert
    Feature record: CXX_FEATURE:1cxx_strong_enums
    Feature record: CXX_FEATURE:1cxx_template_template_parameters
    Feature record: CXX_FEATURE:1cxx_thread_local
    Feature record: CXX_FEATURE:1cxx_trailing_return_types
    Feature record: CXX_FEATURE:1cxx_unicode_literals
    Feature record: CXX_FEATURE:1cxx_uniform_initialization
    Feature record: CXX_FEATURE:1cxx_unrestricted_unions
    Feature record: CXX_FEATURE:1cxx_user_literals
    Feature record: CXX_FEATURE:1cxx_variable_templates
    Feature record: CXX_FEATURE:1cxx_variadic_macros
    Feature record: CXX_FEATURE:1cxx_variadic_templates


Detecting CXX [-std=c++11] compiler features compiled with the following output:
Change Dir: /tmp/tmp.CPr6O9Win5/cmake-build-debug/CMakeFiles/CMakeTmp

Run Build Command:"/usr/bin/gmake" "cmTC_70754/fast"
/usr/bin/gmake -f CMakeFiles/cmTC_70754.dir/build.make CMakeFiles/cmTC_70754.dir/build
gmake[1]: Entering directory `/tmp/tmp.CPr6O9Win5/cmake-build-debug/CMakeFiles/CMakeTmp'
Building CXX object CMakeFiles/cmTC_70754.dir/feature_tests.cxx.o
/usr/bin/c++     -std=c++11 -o CMakeFiles/cmTC_70754.dir/feature_tests.cxx.o -c /tmp/tmp.CPr6O9Win5/cmake-build-debug/CMakeFiles/feature_tests.cxx
Linking CXX executable cmTC_70754
/usr/local/bin/cmake -E cmake_link_script CMakeFiles/cmTC_70754.dir/link.txt --verbose=1
/usr/bin/c++        CMakeFiles/cmTC_70754.dir/feature_tests.cxx.o  -o cmTC_70754 -rdynamic 
gmake[1]: Leaving directory `/tmp/tmp.CPr6O9Win5/cmake-build-debug/CMakeFiles/CMakeTmp'


    Feature record: CXX_FEATURE:0cxx_aggregate_default_initializers
    Feature record: CXX_FEATURE:1cxx_alias_templates
    Feature record: CXX_FEATURE:1cxx_alignas
    Feature record: CXX_FEATURE:1cxx_alignof
    Feature record: CXX_FEATURE:1cxx_attributes
    Feature record: CXX_FEATURE:0cxx_attribute_deprecated
    Feature record: CXX_FEATURE:1cxx_auto_type
    Feature record: CXX_FEATURE:0cxx_binary_literals
    Feature record: CXX_FEATURE:1cxx_constexpr
    Feature record: CXX_FEATURE:0cxx_contextual_conversions
    Feature record: CXX_FEATURE:1cxx_decltype
    Feature record: CXX_FEATURE:0cxx_decltype_auto
    Feature record: CXX_FEATURE:1cxx_decltype_incomplete_return_types
    Feature record: CXX_FEATURE:1cxx_default_function_template_args
    Feature record: CXX_FEATURE:1cxx_defaulted_functions
    Feature record: CXX_FEATURE:1cxx_defaulted_move_initializers
    Feature record: CXX_FEATURE:1cxx_delegating_constructors
    Feature record: CXX_FEATURE:1cxx_deleted_functions
    Feature record: CXX_FEATURE:0cxx_digit_separators
    Feature record: CXX_FEATURE:1cxx_enum_forward_declarations
    Feature record: CXX_FEATURE:1cxx_explicit_conversions
    Feature record: CXX_FEATURE:1cxx_extended_friend_declarations
    Feature record: CXX_FEATURE:1cxx_extern_templates
    Feature record: CXX_FEATURE:1cxx_final
    Feature record: CXX_FEATURE:1cxx_func_identifier
    Feature record: CXX_FEATURE:1cxx_generalized_initializers
    Feature record: CXX_FEATURE:0cxx_generic_lambdas
    Feature record: CXX_FEATURE:1cxx_inheriting_constructors
    Feature record: CXX_FEATURE:1cxx_inline_namespaces
    Feature record: CXX_FEATURE:1cxx_lambdas
    Feature record: CXX_FEATURE:0cxx_lambda_init_captures
    Feature record: CXX_FEATURE:1cxx_local_type_template_args
    Feature record: CXX_FEATURE:1cxx_long_long_type
    Feature record: CXX_FEATURE:1cxx_noexcept
    Feature record: CXX_FEATURE:1cxx_nonstatic_member_init
    Feature record: CXX_FEATURE:1cxx_nullptr
    Feature record: CXX_FEATURE:1cxx_override
    Feature record: CXX_FEATURE:1cxx_range_for
    Feature record: CXX_FEATURE:1cxx_raw_string_literals
    Feature record: CXX_FEATURE:1cxx_reference_qualified_functions
    Feature record: CXX_FEATURE:0cxx_relaxed_constexpr
    Feature record: CXX_FEATURE:0cxx_return_type_deduction
    Feature record: CXX_FEATURE:1cxx_right_angle_brackets
    Feature record: CXX_FEATURE:1cxx_rvalue_references
    Feature record: CXX_FEATURE:1cxx_sizeof_member
    Feature record: CXX_FEATURE:1cxx_static_assert
    Feature record: CXX_FEATURE:1cxx_strong_enums
    Feature record: CXX_FEATURE:1cxx_template_template_parameters
    Feature record: CXX_FEATURE:1cxx_thread_local
    Feature record: CXX_FEATURE:1cxx_trailing_return_types
    Feature record: CXX_FEATURE:1cxx_unicode_literals
    Feature record: CXX_FEATURE:1cxx_uniform_initialization
    Feature record: CXX_FEATURE:1cxx_unrestricted_unions
    Feature record: CXX_FEATURE:1cxx_user_literals
    Feature record: CXX_FEATURE:0cxx_variable_templates
    Feature record: CXX_FEATURE:1cxx_variadic_macros
    Feature record: CXX_FEATURE:1cxx_variadic_templates


Detecting CXX [-std=c++98] compiler features compiled with the following output:
Change Dir: /tmp/tmp.CPr6O9Win5/cmake-build-debug/CMakeFiles/CMakeTmp

Run Build Command:"/usr/bin/gmake" "cmTC_ead88/fast"
/usr/bin/gmake -f CMakeFiles/cmTC_ead88.dir/build.make CMakeFiles/cmTC_ead88.dir/build
gmake[1]: Entering directory `/tmp/tmp.CPr6O9Win5/cmake-build-debug/CMakeFiles/CMakeTmp'
Building CXX object CMakeFiles/cmTC_ead88.dir/feature_tests.cxx.o
/usr/bin/c++     -std=c++98 -o CMakeFiles/cmTC_ead88.dir/feature_tests.cxx.o -c /tmp/tmp.CPr6O9Win5/cmake-build-debug/CMakeFiles/feature_tests.cxx
Linking CXX executable cmTC_ead88
/usr/local/bin/cmake -E cmake_link_script CMakeFiles/cmTC_ead88.dir/link.txt --verbose=1
/usr/bin/c++        CMakeFiles/cmTC_ead88.dir/feature_tests.cxx.o  -o cmTC_ead88 -rdynamic 
gmake[1]: Leaving directory `/tmp/tmp.CPr6O9Win5/cmake-build-debug/CMakeFiles/CMakeTmp'


    Feature record: CXX_FEATURE:0cxx_aggregate_default_initializers
    Feature record: CXX_FEATURE:0cxx_alias_templates
    Feature record: CXX_FEATURE:0cxx_alignas
    Feature record: CXX_FEATURE:0cxx_alignof
    Feature record: CXX_FEATURE:0cxx_attributes
    Feature record: CXX_FEATURE:0cxx_attribute_deprecated
    Feature record: CXX_FEATURE:0cxx_auto_type
    Feature record: CXX_FEATURE:0cxx_binary_literals
    Feature record: CXX_FEATURE:0cxx_constexpr
    Feature record: CXX_FEATURE:0cxx_contextual_conversions
    Feature record: CXX_FEATURE:0cxx_decltype
    Feature record: CXX_FEATURE:0cxx_decltype_auto
    Feature record: CXX_FEATURE:0cxx_decltype_incomplete_return_types
    Feature record: CXX_FEATURE:0cxx_default_function_template_args
    Feature record: CXX_FEATURE:0cxx_defaulted_functions
    Feature record: CXX_FEATURE:0cxx_defaulted_move_initializers
    Feature record: CXX_FEATURE:0cxx_delegating_constructors
    Feature record: CXX_FEATURE:0cxx_deleted_functions
    Feature record: CXX_FEATURE:0cxx_digit_separators
    Feature record: CXX_FEATURE:0cxx_enum_forward_declarations
    Feature record: CXX_FEATURE:0cxx_explicit_conversions
    Feature record: CXX_FEATURE:0cxx_extended_friend_declarations
    Feature record: CXX_FEATURE:0cxx_extern_templates
    Feature record: CXX_FEATURE:0cxx_final
    Feature record: CXX_FEATURE:0cxx_func_identifier
    Feature record: CXX_FEATURE:0cxx_generalized_initializers
    Feature record: CXX_FEATURE:0cxx_generic_lambdas
    Feature record: CXX_FEATURE:0cxx_inheriting_constructors
    Feature record: CXX_FEATURE:0cxx_inline_namespaces
    Feature record: CXX_FEATURE:0cxx_lambdas
    Feature record: CXX_FEATURE:0cxx_lambda_init_captures
    Feature record: CXX_FEATURE:0cxx_local_type_template_args
    Feature record: CXX_FEATURE:0cxx_long_long_type
    Feature record: CXX_FEATURE:0cxx_noexcept
    Feature record: CXX_FEATURE:0cxx_nonstatic_member_init
    Feature record: CXX_FEATURE:0cxx_nullptr
    Feature record: CXX_FEATURE:0cxx_override
    Feature record: CXX_FEATURE:0cxx_range_for
    Feature record: CXX_FEATURE:0cxx_raw_string_literals
    Feature record: CXX_FEATURE:0cxx_reference_qualified_functions
    Feature record: CXX_FEATURE:0cxx_relaxed_constexpr
    Feature record: CXX_FEATURE:0cxx_return_type_deduction
    Feature record: CXX_FEATURE:0cxx_right_angle_brackets
    Feature record: CXX_FEATURE:0cxx_rvalue_references
    Feature record: CXX_FEATURE:0cxx_sizeof_member
    Feature record: CXX_FEATURE:0cxx_static_assert
    Feature record: CXX_FEATURE:0cxx_strong_enums
    Feature record: CXX_FEATURE:1cxx_template_template_parameters
    Feature record: CXX_FEATURE:0cxx_thread_local
    Feature record: CXX_FEATURE:0cxx_trailing_return_types
    Feature record: CXX_FEATURE:0cxx_unicode_literals
    Feature record: CXX_FEATURE:0cxx_uniform_initialization
    Feature record: CXX_FEATURE:0cxx_unrestricted_unions
    Feature record: CXX_FEATURE:0cxx_user_literals
    Feature record: CXX_FEATURE:0cxx_variable_templates
    Feature record: CXX_FEATURE:0cxx_variadic_macros
    Feature record: CXX_FEATURE:0cxx_variadic_templates
Determining if the include file pthread.h exists passed with the following output:
Change Dir: /tmp/tmp.CPr6O9Win5/cmake-build-debug/CMakeFiles/CMakeTmp

Run Build Command:"/usr/bin/gmake" "cmTC_b75a0/fast"
/usr/bin/gmake -f CMakeFiles/cmTC_b75a0.dir/build.make CMakeFiles/cmTC_b75a0.dir/build
gmake[1]: Entering directory `/tmp/tmp.CPr6O9Win5/cmake-build-debug/CMakeFiles/CMakeTmp'
Building C object CMakeFiles/cmTC_b75a0.dir/CheckIncludeFile.c.o
/usr/bin/cc     -o CMakeFiles/cmTC_b75a0.dir/CheckIncludeFile.c.o   -c /tmp/tmp.CPr6O9Win5/cmake-build-debug/CMakeFiles/CMakeTmp/CheckIncludeFile.c
Linking C executable cmTC_b75a0
/usr/local/bin/cmake -E cmake_link_script CMakeFiles/cmTC_b75a0.dir/link.txt --verbose=1
/usr/bin/cc       CMakeFiles/cmTC_b75a0.dir/CheckIncludeFile.c.o  -o cmTC_b75a0 -rdynamic 
gmake[1]: Leaving directory `/tmp/tmp.CPr6O9Win5/cmake-build-debug/CMakeFiles/CMakeTmp'


Determining if the function pthread_create exists in the pthread passed with the following output:
Change Dir: /tmp/tmp.CPr6O9Win5/cmake-build-debug/CMakeFiles/CMakeTmp

Run Build Command:"/usr/bin/gmake" "cmTC_7f1e8/fast"
/usr/bin/gmake -f CMakeFiles/cmTC_7f1e8.dir/build.make CMakeFiles/cmTC_7f1e8.dir/build
gmake[1]: Entering directory `/tmp/tmp.CPr6O9Win5/cmake-build-debug/CMakeFiles/CMakeTmp'
Building C object CMakeFiles/cmTC_7f1e8.dir/CheckFunctionExists.c.o
/usr/bin/cc    -DCHECK_FUNCTION_EXISTS=pthread_create   -o CMakeFiles/cmTC_7f1e8.dir/CheckFunctionExists.c.o   -c /usr/local/share/cmake-3.4/Modules/CheckFunctionExists.c
Linking C executable cmTC_7f1e8
/usr/local/bin/cmake -E cmake_link_script CMakeFiles/cmTC_7f1e8.dir/link.txt --verbose=1
/usr/bin/cc   -DCHECK_FUNCTION_EXISTS=pthread_create    CMakeFiles/cmTC_7f1e8.dir/CheckFunctionExists.c.o  -o cmTC_7f1e8 -rdynamic -lpthread 
gmake[1]: Leaving directory `/tmp/tmp.CPr6O9Win5/cmake-build-debug/CMakeFiles/CMakeTmp'


